2014-05-07 04:25:27 [error] Severity: Notice  --> Undefined index: count E:\0_Projects\dv\dv\application\view\panelreport.php 14
2014-05-07 04:25:27 [error] Severity: Warning  --> Division by zero E:\0_Projects\dv\dv\application\view\panelreport.php 14
2014-05-07 04:25:27 [error] Severity: Notice  --> Undefined index: count E:\0_Projects\dv\dv\application\view\panelreport.php 14
2014-05-07 04:25:27 [error] Severity: Warning  --> Division by zero E:\0_Projects\dv\dv\application\view\panelreport.php 14
2014-05-07 04:25:27 [error] Severity: Notice  --> Undefined index: count E:\0_Projects\dv\dv\application\view\panelreport.php 14
2014-05-07 04:25:27 [error] Severity: Warning  --> Division by zero E:\0_Projects\dv\dv\application\view\panelreport.php 14
2014-05-07 04:25:27 [error] Severity: Notice  --> Undefined index: count E:\0_Projects\dv\dv\application\view\panelreport.php 14
2014-05-07 04:25:27 [error] Severity: Warning  --> Division by zero E:\0_Projects\dv\dv\application\view\panelreport.php 14
2014-05-07 04:25:27 [error] Severity: Notice  --> Undefined index: count E:\0_Projects\dv\dv\application\view\panelreport.php 14
2014-05-07 04:25:27 [error] Severity: Warning  --> Division by zero E:\0_Projects\dv\dv\application\view\panelreport.php 14
2014-05-07 04:25:27 [error] Severity: Notice  --> Undefined index: count E:\0_Projects\dv\dv\application\view\panelreport.php 14
2014-05-07 04:25:27 [error] Severity: Warning  --> Division by zero E:\0_Projects\dv\dv\application\view\panelreport.php 14
2014-05-07 04:25:27 [error] Severity: Notice  --> Undefined index: count E:\0_Projects\dv\dv\application\view\panelreport.php 14
2014-05-07 04:25:27 [error] Severity: Warning  --> Division by zero E:\0_Projects\dv\dv\application\view\panelreport.php 14
2014-05-07 04:25:27 [error] Severity: Notice  --> Undefined index: count E:\0_Projects\dv\dv\application\view\panelreport.php 14
2014-05-07 04:25:27 [error] Severity: Warning  --> Division by zero E:\0_Projects\dv\dv\application\view\panelreport.php 14
2014-05-07 04:25:27 [error] Severity: Notice  --> Undefined index: count E:\0_Projects\dv\dv\application\view\panelreport.php 14
2014-05-07 04:25:27 [error] Severity: Warning  --> Division by zero E:\0_Projects\dv\dv\application\view\panelreport.php 14
2014-05-07 04:25:27 [error] Severity: Notice  --> Undefined index: count E:\0_Projects\dv\dv\application\view\panelreport.php 14
2014-05-07 04:25:27 [error] Severity: Warning  --> Division by zero E:\0_Projects\dv\dv\application\view\panelreport.php 14
2014-05-07 04:25:27 [error] Severity: Notice  --> Undefined index: count E:\0_Projects\dv\dv\application\view\panelreport.php 14
2014-05-07 04:25:27 [error] Severity: Warning  --> Division by zero E:\0_Projects\dv\dv\application\view\panelreport.php 14
2014-05-07 04:25:27 [error] Severity: Notice  --> Undefined index: count E:\0_Projects\dv\dv\application\view\panelreport.php 14
2014-05-07 04:25:27 [error] Severity: Warning  --> Division by zero E:\0_Projects\dv\dv\application\view\panelreport.php 14
2014-05-07 04:25:27 [error] Severity: Notice  --> Undefined index: count E:\0_Projects\dv\dv\application\view\panelreport.php 14
2014-05-07 04:25:27 [error] Severity: Warning  --> Division by zero E:\0_Projects\dv\dv\application\view\panelreport.php 14
2014-05-07 04:25:27 [error] Severity: Notice  --> Undefined index: count E:\0_Projects\dv\dv\application\view\panelreport.php 14
2014-05-07 04:25:27 [error] Severity: Warning  --> Division by zero E:\0_Projects\dv\dv\application\view\panelreport.php 14
2014-05-07 04:25:27 [error] Severity: Notice  --> Undefined index: count E:\0_Projects\dv\dv\application\view\panelreport.php 14
2014-05-07 04:25:27 [error] Severity: Warning  --> Division by zero E:\0_Projects\dv\dv\application\view\panelreport.php 14
2014-05-07 04:25:27 [error] Severity: Notice  --> Undefined index: count E:\0_Projects\dv\dv\application\view\panelreport.php 14
2014-05-07 04:25:27 [error] Severity: Warning  --> Division by zero E:\0_Projects\dv\dv\application\view\panelreport.php 14
2014-05-07 04:25:27 [error] Severity: Notice  --> Undefined index: count E:\0_Projects\dv\dv\application\view\panelreport.php 14
2014-05-07 04:25:27 [error] Severity: Warning  --> Division by zero E:\0_Projects\dv\dv\application\view\panelreport.php 14
2014-05-07 04:25:48 [error] Severity: Notice  --> Undefined index: count E:\0_Projects\dv\dv\application\view\panelreport.php 14
2014-05-07 04:25:48 [error] Severity: Warning  --> Division by zero E:\0_Projects\dv\dv\application\view\panelreport.php 14
2014-05-07 04:25:48 [error] Severity: Notice  --> Undefined index: count E:\0_Projects\dv\dv\application\view\panelreport.php 14
2014-05-07 04:25:48 [error] Severity: Warning  --> Division by zero E:\0_Projects\dv\dv\application\view\panelreport.php 14
2014-05-07 04:25:48 [error] Severity: Notice  --> Undefined index: count E:\0_Projects\dv\dv\application\view\panelreport.php 14
2014-05-07 04:25:48 [error] Severity: Warning  --> Division by zero E:\0_Projects\dv\dv\application\view\panelreport.php 14
2014-05-07 04:25:48 [error] Severity: Notice  --> Undefined index: count E:\0_Projects\dv\dv\application\view\panelreport.php 14
2014-05-07 04:25:48 [error] Severity: Warning  --> Division by zero E:\0_Projects\dv\dv\application\view\panelreport.php 14
2014-05-07 04:25:48 [error] Severity: Notice  --> Undefined index: count E:\0_Projects\dv\dv\application\view\panelreport.php 14
2014-05-07 04:25:48 [error] Severity: Warning  --> Division by zero E:\0_Projects\dv\dv\application\view\panelreport.php 14
2014-05-07 04:25:48 [error] Severity: Notice  --> Undefined index: count E:\0_Projects\dv\dv\application\view\panelreport.php 14
2014-05-07 04:25:48 [error] Severity: Warning  --> Division by zero E:\0_Projects\dv\dv\application\view\panelreport.php 14
2014-05-07 04:25:48 [error] Severity: Notice  --> Undefined index: count E:\0_Projects\dv\dv\application\view\panelreport.php 14
2014-05-07 04:25:49 [error] Severity: Warning  --> Division by zero E:\0_Projects\dv\dv\application\view\panelreport.php 14
2014-05-07 04:25:49 [error] Severity: Notice  --> Undefined index: count E:\0_Projects\dv\dv\application\view\panelreport.php 14
2014-05-07 04:25:49 [error] Severity: Warning  --> Division by zero E:\0_Projects\dv\dv\application\view\panelreport.php 14
2014-05-07 04:25:49 [error] Severity: Notice  --> Undefined index: count E:\0_Projects\dv\dv\application\view\panelreport.php 14
2014-05-07 04:25:49 [error] Severity: Warning  --> Division by zero E:\0_Projects\dv\dv\application\view\panelreport.php 14
2014-05-07 04:25:49 [error] Severity: Notice  --> Undefined index: count E:\0_Projects\dv\dv\application\view\panelreport.php 14
2014-05-07 04:25:49 [error] Severity: Warning  --> Division by zero E:\0_Projects\dv\dv\application\view\panelreport.php 14
2014-05-07 04:25:49 [error] Severity: Notice  --> Undefined index: count E:\0_Projects\dv\dv\application\view\panelreport.php 14
2014-05-07 04:25:49 [error] Severity: Warning  --> Division by zero E:\0_Projects\dv\dv\application\view\panelreport.php 14
2014-05-07 04:25:49 [error] Severity: Notice  --> Undefined index: count E:\0_Projects\dv\dv\application\view\panelreport.php 14
2014-05-07 04:25:49 [error] Severity: Warning  --> Division by zero E:\0_Projects\dv\dv\application\view\panelreport.php 14
2014-05-07 04:25:49 [error] Severity: Notice  --> Undefined index: count E:\0_Projects\dv\dv\application\view\panelreport.php 14
2014-05-07 04:25:49 [error] Severity: Warning  --> Division by zero E:\0_Projects\dv\dv\application\view\panelreport.php 14
2014-05-07 04:25:49 [error] Severity: Notice  --> Undefined index: count E:\0_Projects\dv\dv\application\view\panelreport.php 14
2014-05-07 04:25:49 [error] Severity: Warning  --> Division by zero E:\0_Projects\dv\dv\application\view\panelreport.php 14
2014-05-07 04:25:49 [error] Severity: Notice  --> Undefined index: count E:\0_Projects\dv\dv\application\view\panelreport.php 14
2014-05-07 04:25:49 [error] Severity: Warning  --> Division by zero E:\0_Projects\dv\dv\application\view\panelreport.php 14
2014-05-07 04:25:49 [error] Severity: Notice  --> Undefined index: count E:\0_Projects\dv\dv\application\view\panelreport.php 14
2014-05-07 04:25:49 [error] Severity: Warning  --> Division by zero E:\0_Projects\dv\dv\application\view\panelreport.php 14
2014-05-07 04:25:49 [error] Severity: Notice  --> Undefined index: count E:\0_Projects\dv\dv\application\view\panelreport.php 14
2014-05-07 04:25:49 [error] Severity: Warning  --> Division by zero E:\0_Projects\dv\dv\application\view\panelreport.php 14
2014-05-07 04:32:50 [error] Severity: Notice  --> Undefined index: entrance E:\0_Projects\dv\dv\application\view\panelreport.php 14
2014-05-07 04:32:50 [error] Severity: Warning  --> Division by zero E:\0_Projects\dv\dv\application\view\panelreport.php 14
2014-05-07 04:32:50 [error] Severity: Notice  --> Undefined index: entrance E:\0_Projects\dv\dv\application\view\panelreport.php 14
2014-05-07 04:32:50 [error] Severity: Warning  --> Division by zero E:\0_Projects\dv\dv\application\view\panelreport.php 14
2014-05-07 04:32:50 [error] Severity: Notice  --> Undefined index: entrance E:\0_Projects\dv\dv\application\view\panelreport.php 14
2014-05-07 04:32:50 [error] Severity: Warning  --> Division by zero E:\0_Projects\dv\dv\application\view\panelreport.php 14
2014-05-07 04:32:50 [error] Severity: Notice  --> Undefined index: entrance E:\0_Projects\dv\dv\application\view\panelreport.php 14
2014-05-07 04:32:50 [error] Severity: Warning  --> Division by zero E:\0_Projects\dv\dv\application\view\panelreport.php 14
2014-05-07 04:32:50 [error] Severity: Notice  --> Undefined index: entrance E:\0_Projects\dv\dv\application\view\panelreport.php 14
2014-05-07 04:32:50 [error] Severity: Warning  --> Division by zero E:\0_Projects\dv\dv\application\view\panelreport.php 14
2014-05-07 04:32:50 [error] Severity: Notice  --> Undefined index: sp E:\0_Projects\dv\dv\application\view\panelreport.php 14
2014-05-07 04:32:50 [error] Severity: Warning  --> Division by zero E:\0_Projects\dv\dv\application\view\panelreport.php 14
2014-05-07 04:32:50 [error] Severity: Notice  --> Undefined index: sp E:\0_Projects\dv\dv\application\view\panelreport.php 14
2014-05-07 04:32:50 [error] Severity: Warning  --> Division by zero E:\0_Projects\dv\dv\application\view\panelreport.php 14
2014-05-07 04:32:50 [error] Severity: Notice  --> Undefined index: sp E:\0_Projects\dv\dv\application\view\panelreport.php 14
2014-05-07 04:32:50 [error] Severity: Warning  --> Division by zero E:\0_Projects\dv\dv\application\view\panelreport.php 14
2014-05-07 04:32:50 [error] Severity: Notice  --> Undefined index: sp E:\0_Projects\dv\dv\application\view\panelreport.php 14
2014-05-07 04:32:50 [error] Severity: Warning  --> Division by zero E:\0_Projects\dv\dv\application\view\panelreport.php 14
2014-05-07 04:32:50 [error] Severity: Notice  --> Undefined index: sp E:\0_Projects\dv\dv\application\view\panelreport.php 14
2014-05-07 04:32:50 [error] Severity: Warning  --> Division by zero E:\0_Projects\dv\dv\application\view\panelreport.php 14
2014-05-07 04:32:50 [error] Severity: Notice  --> Undefined index: idq E:\0_Projects\dv\dv\application\view\panelreport.php 14
2014-05-07 04:32:50 [error] Severity: Warning  --> Division by zero E:\0_Projects\dv\dv\application\view\panelreport.php 14
2014-05-07 04:32:50 [error] Severity: Notice  --> Undefined index: idq E:\0_Projects\dv\dv\application\view\panelreport.php 14
2014-05-07 04:32:50 [error] Severity: Warning  --> Division by zero E:\0_Projects\dv\dv\application\view\panelreport.php 14
2014-05-07 04:32:50 [error] Severity: Notice  --> Undefined index: idq E:\0_Projects\dv\dv\application\view\panelreport.php 14
2014-05-07 04:32:50 [error] Severity: Warning  --> Division by zero E:\0_Projects\dv\dv\application\view\panelreport.php 14
2014-05-07 04:32:50 [error] Severity: Notice  --> Undefined index: idq E:\0_Projects\dv\dv\application\view\panelreport.php 14
2014-05-07 04:32:50 [error] Severity: Warning  --> Division by zero E:\0_Projects\dv\dv\application\view\panelreport.php 14
2014-05-07 04:32:50 [error] Severity: Notice  --> Undefined index: idq E:\0_Projects\dv\dv\application\view\panelreport.php 14
2014-05-07 04:32:50 [error] Severity: Warning  --> Division by zero E:\0_Projects\dv\dv\application\view\panelreport.php 14
2014-05-07 04:32:50 [error] Severity: Notice  --> Undefined index: checkout E:\0_Projects\dv\dv\application\view\panelreport.php 14
2014-05-07 04:32:50 [error] Severity: Warning  --> Division by zero E:\0_Projects\dv\dv\application\view\panelreport.php 14
2014-05-07 04:32:50 [error] Severity: Notice  --> Undefined index: checkout E:\0_Projects\dv\dv\application\view\panelreport.php 14
2014-05-07 04:32:50 [error] Severity: Warning  --> Division by zero E:\0_Projects\dv\dv\application\view\panelreport.php 14
2014-05-07 05:45:12 [error] Severity: Notice  --> Undefined variable: count E:\0_Projects\dv\dv\application\controller\Panel.class.php 49
2014-05-07 05:45:12 [error] Severity: Notice  --> Undefined offset: 0 E:\0_Projects\dv\dv\application\view\panelreport.php 17
2014-05-07 05:45:12 [error] Severity: Notice  --> Undefined index:  E:\0_Projects\dv\dv\application\view\panelreport.php 17
2014-05-07 06:03:22 [error] Severity: Notice  --> Undefined index:  E:\0_Projects\dv\dv\application\view\panelreport.php 10
2014-05-07 06:03:22 [error] Severity: Notice  --> Undefined offset: 0 E:\0_Projects\dv\dv\application\view\panelreport.php 17
2014-05-07 06:03:22 [error] Severity: Notice  --> Undefined index:  E:\0_Projects\dv\dv\application\view\panelreport.php 17
2014-05-07 06:03:27 [error] Severity: Notice  --> Undefined index:  E:\0_Projects\dv\dv\application\view\panelreport.php 10
2014-05-07 06:03:27 [error] Severity: Notice  --> Undefined offset: 0 E:\0_Projects\dv\dv\application\view\panelreport.php 17
2014-05-07 06:03:27 [error] Severity: Notice  --> Undefined index:  E:\0_Projects\dv\dv\application\view\panelreport.php 17
2014-05-07 08:24:03 [error] Severity: Notice  --> Undefined index:  E:\0_Projects\dv\dv\application\view\panelreport.php 10
2014-05-07 08:24:03 [error] Severity: Notice  --> Undefined offset: 0 E:\0_Projects\dv\dv\application\view\panelreport.php 17
2014-05-07 08:24:03 [error] Severity: Notice  --> Undefined index:  E:\0_Projects\dv\dv\application\view\panelreport.php 17
2014-05-07 08:27:25 [error] Severity: Notice  --> Undefined index:  E:\0_Projects\dv\dv\application\view\panelreport.php 10
2014-05-07 08:27:25 [error] Severity: Notice  --> Undefined offset: 0 E:\0_Projects\dv\dv\application\view\panelreport.php 17
2014-05-07 08:27:25 [error] Severity: Notice  --> Undefined index:  E:\0_Projects\dv\dv\application\view\panelreport.php 17
2014-05-07 08:27:30 [error] Severity: Notice  --> Undefined index:  E:\0_Projects\dv\dv\application\view\panelreport.php 10
2014-05-07 08:27:30 [error] Severity: Notice  --> Undefined offset: 0 E:\0_Projects\dv\dv\application\view\panelreport.php 17
2014-05-07 08:27:30 [error] Severity: Notice  --> Undefined index:  E:\0_Projects\dv\dv\application\view\panelreport.php 17
2014-05-07 08:27:54 [error] Severity: Notice  --> Undefined index:  E:\0_Projects\dv\dv\application\view\panelreport.php 10
2014-05-07 08:27:54 [error] Severity: Notice  --> Undefined offset: 0 E:\0_Projects\dv\dv\application\view\panelreport.php 17
2014-05-07 08:27:54 [error] Severity: Notice  --> Undefined index:  E:\0_Projects\dv\dv\application\view\panelreport.php 17
2014-05-07 08:28:23 [error] Severity: Notice  --> Undefined variable: count E:\0_Projects\dv\dv\application\controller\Panel.class.php 49
2014-05-07 08:28:23 [error] Severity: Notice  --> Undefined offset: 0 E:\0_Projects\dv\dv\application\view\panelreport.php 17
2014-05-07 08:28:23 [error] Severity: Notice  --> Undefined index:  E:\0_Projects\dv\dv\application\view\panelreport.php 17
2014-05-07 08:29:13 [error] Severity: Notice  --> Undefined index:  E:\0_Projects\dv\dv\application\view\panelreport.php 10
